2018-06-03 17:28:48,569  INFO Version:21 - HV000001: Hibernate Validator 6.0.9.Final
2018-06-03 17:28:49,550  INFO SpringdemoApplication:50 - Starting SpringdemoApplication on COKPGT8ZUTODL5N with PID 4744 (D:\IntellJIDEA-Projects\springboot\target\classes started by Administrator in D:\IntellJIDEA-Projects\springboot)
2018-06-03 17:28:49,555  INFO SpringdemoApplication:663 - The following profiles are active: dev
2018-06-03 17:28:49,834  INFO AnnotationConfigServletWebServerApplicationContext:590 - Refreshing org.springframework.boot.web.servlet.context.AnnotationConfigServletWebServerApplicationContext@565f390: startup date [Sun Jun 03 17:28:49 GMT+08:00 2018]; root of context hierarchy
2018-06-03 17:28:54,643  INFO PostProcessorRegistrationDelegate$BeanPostProcessorChecker:328 - Bean 'org.springframework.transaction.annotation.ProxyTransactionManagementConfiguration' of type [org.springframework.transaction.annotation.ProxyTransactionManagementConfiguration$$EnhancerBySpringCGLIB$$3b57d8c0] is not eligible for getting processed by all BeanPostProcessors (for example: not eligible for auto-proxying)
2018-06-03 17:28:55,973  INFO TomcatWebServer:91 - Tomcat initialized with port(s): 8080 (http)
2018-06-03 17:28:56,319  INFO ContextLoader:285 - Root WebApplicationContext: initialization completed in 6490 ms
2018-06-03 17:28:56,525  INFO ServletRegistrationBean:185 - Servlet dispatcherServlet mapped to [/]
2018-06-03 17:28:56,534  INFO FilterRegistrationBean:244 - Mapping filter: 'characterEncodingFilter' to: [/*]
2018-06-03 17:28:56,534  INFO FilterRegistrationBean:244 - Mapping filter: 'hiddenHttpMethodFilter' to: [/*]
2018-06-03 17:28:56,535  INFO FilterRegistrationBean:244 - Mapping filter: 'httpPutFormContentFilter' to: [/*]
2018-06-03 17:28:56,535  INFO FilterRegistrationBean:244 - Mapping filter: 'requestContextFilter' to: [/*]
2018-06-03 17:28:58,941  INFO RequestMappingHandlerMapping:547 - Mapped "{[/user/getUser/{id}],methods=[GET]}" onto public com.example.springdemo.utildomain.ResponseStatus com.example.springdemo.controller.UserController.getUserById(java.lang.Integer)
2018-06-03 17:28:58,943  INFO RequestMappingHandlerMapping:547 - Mapped "{[/v2/api-docs],methods=[GET]}" onto public org.springframework.http.ResponseEntity<springfox.documentation.spring.web.json.Json> springfox.documentation.swagger2.web.Swagger2Controller.getDocumentation(java.lang.String)
2018-06-03 17:28:58,947  INFO RequestMappingHandlerMapping:547 - Mapped "{[/configuration/security]}" onto org.springframework.http.ResponseEntity<springfox.documentation.swagger.web.SecurityConfiguration> springfox.documentation.swagger.web.ApiResourceController.securityConfiguration()
2018-06-03 17:28:58,951  INFO RequestMappingHandlerMapping:547 - Mapped "{[/swagger-resources]}" onto org.springframework.http.ResponseEntity<java.util.List<springfox.documentation.swagger.web.SwaggerResource>> springfox.documentation.swagger.web.ApiResourceController.swaggerResources()
2018-06-03 17:28:58,953  INFO RequestMappingHandlerMapping:547 - Mapped "{[/configuration/ui]}" onto org.springframework.http.ResponseEntity<springfox.documentation.swagger.web.UiConfiguration> springfox.documentation.swagger.web.ApiResourceController.uiConfiguration()
2018-06-03 17:28:58,955  INFO RequestMappingHandlerMapping:547 - Mapped "{[/error]}" onto public org.springframework.http.ResponseEntity<java.util.Map<java.lang.String, java.lang.Object>> org.springframework.boot.autoconfigure.web.servlet.error.BasicErrorController.error(javax.servlet.http.HttpServletRequest)
2018-06-03 17:28:58,956  INFO RequestMappingHandlerMapping:547 - Mapped "{[/error],produces=[text/html]}" onto public org.springframework.web.servlet.ModelAndView org.springframework.boot.autoconfigure.web.servlet.error.BasicErrorController.errorHtml(javax.servlet.http.HttpServletRequest,javax.servlet.http.HttpServletResponse)
2018-06-03 17:28:59,305  INFO SimpleUrlHandlerMapping:373 - Mapped URL path [/**/favicon.ico] onto handler of type [class org.springframework.web.servlet.resource.ResourceHttpRequestHandler]
2018-06-03 17:28:59,854  INFO RequestMappingHandlerAdapter:574 - Looking for @ControllerAdvice: org.springframework.boot.web.servlet.context.AnnotationConfigServletWebServerApplicationContext@565f390: startup date [Sun Jun 03 17:28:49 GMT+08:00 2018]; root of context hierarchy
2018-06-03 17:28:59,938  INFO SimpleUrlHandlerMapping:373 - Mapped URL path [/webjars/**] onto handler of type [class org.springframework.web.servlet.resource.ResourceHttpRequestHandler]
2018-06-03 17:28:59,938  INFO SimpleUrlHandlerMapping:373 - Mapped URL path [/**] onto handler of type [class org.springframework.web.servlet.resource.ResourceHttpRequestHandler]
2018-06-03 17:28:59,963  INFO ExceptionHandlerExceptionResolver:288 - Detected @ExceptionHandler methods in handlerException
2018-06-03 17:29:00,076  INFO MapperCacheDisabler:60 - Clear tk.mybatis.mapper.util.MsUtil CLASS_CACHE cache.
2018-06-03 17:29:00,077  INFO MapperCacheDisabler:60 - Clear tk.mybatis.mapper.genid.GenIdUtil CACHE cache.
2018-06-03 17:29:00,078  INFO MapperCacheDisabler:60 - Clear tk.mybatis.mapper.version.VersionUtil CACHE cache.
2018-06-03 17:29:00,080  INFO MapperCacheDisabler:83 - Clear EntityHelper entityTableMap cache.
2018-06-03 17:29:00,661  INFO AnnotationMBeanExporter:433 - Registering beans for JMX exposure on startup
2018-06-03 17:29:00,663  INFO AnnotationMBeanExporter:895 - Bean with name 'dataSource' has been autodetected for JMX exposure
2018-06-03 17:29:00,672  INFO AnnotationMBeanExporter:668 - Located MBean 'dataSource': registering with JMX server as MBean [com.zaxxer.hikari:name=dataSource,type=HikariDataSource]
2018-06-03 17:29:00,700  INFO DocumentationPluginsBootstrapper:80 - Context refreshed
2018-06-03 17:29:00,859  INFO DocumentationPluginsBootstrapper:83 - Found {0} custom documentation plugin(s)
2018-06-03 17:29:00,879  INFO ApiListingReferenceScanner:53 - Scanning for api listing references
2018-06-03 17:29:00,897  INFO ClassOrApiAnnotationResourceGrouping:100 - Group for method getUserById was 用户操作
2018-06-03 17:29:00,900  INFO ApiListingReferenceScanner:72 - Request mapping: getUserById belongs to groups: [[ResourceGroup{groupName='用户操作', position=0, controller=com.example.springdemo.controller.UserController}]] 
2018-06-03 17:29:00,920  INFO ApiListingReferenceScanner:84 - Created resource listing Path: /default/用户操作 Description: 用户操作 Position: 0
2018-06-03 17:29:00,974  INFO ModelContextKeyGenerator:46 - Cache Key Generated: com.example.springdemo.utildomain.ResponseStatus(true)
2018-06-03 17:29:00,974  INFO CachingAspect:79 - Caching aspect applied for cache models with key com.example.springdemo.utildomain.ResponseStatus(true)
2018-06-03 17:29:00,981  INFO ModelPropertiesKeyGenerator:48 - Cache key generated: com.example.springdemo.utildomain.ResponseStatus(true)
2018-06-03 17:29:00,981  INFO CachingAspect:68 - Caching aspect applied for cache modelProperties with key com.example.springdemo.utildomain.ResponseStatus(true)
2018-06-03 17:29:01,069  INFO ModelContextKeyGenerator:46 - Cache Key Generated: com.example.springdemo.utildomain.ResponseStatus(true)
2018-06-03 17:29:01,069  INFO CachingAspect:79 - Caching aspect applied for cache modelDependencies with key com.example.springdemo.utildomain.ResponseStatus(true)
2018-06-03 17:29:01,072  INFO ModelPropertiesKeyGenerator:48 - Cache key generated: com.example.springdemo.utildomain.ResponseStatus(true)
2018-06-03 17:29:01,072  INFO CachingAspect:68 - Caching aspect applied for cache modelProperties with key com.example.springdemo.utildomain.ResponseStatus(true)
2018-06-03 17:29:01,089  INFO OperationsKeyGenerator:51 - Cache key generated: /user/getUser/{id}.com.example.springdemo.controller.UserController.getUserById.DefaultGenericTypeNamingStrategy
2018-06-03 17:29:01,089  INFO CachingAspect:68 - Caching aspect applied for cache operations with key /user/getUser/{id}.com.example.springdemo.controller.UserController.getUserById.DefaultGenericTypeNamingStrategy
2018-06-03 17:29:01,108  INFO ClassOrApiAnnotationResourceGrouping:100 - Group for method getUserById was 用户操作
2018-06-03 17:29:01,145  INFO ClassOrApiAnnotationResourceGrouping:100 - Group for method getUserById was 用户操作
2018-06-03 17:29:01,316  INFO TomcatWebServer:206 - Tomcat started on port(s): 8080 (http) with context path ''
2018-06-03 17:29:01,323  INFO SpringdemoApplication:59 - Started SpringdemoApplication in 13.521 seconds (JVM running for 18.25)
2018-06-03 17:29:47,420  INFO DispatcherServlet:494 - FrameworkServlet 'dispatcherServlet': initialization started
2018-06-03 17:29:47,481  INFO DispatcherServlet:509 - FrameworkServlet 'dispatcherServlet': initialization completed in 60 ms
2018-06-03 17:29:47,604  INFO HttpAspect:55 - request = [URI=/user/getUser/1][method=GET][ip=0:0:0:0:0:0:0:1][params=]
2018-06-03 17:29:47,607  INFO UserController:35 - getUserById方法接受前端参数ID = 1
2018-06-03 17:29:47,608  INFO UserServiceImpl:22 - 通过ID查询user参数id = 1
2018-06-03 17:29:47,723  INFO HikariDataSource:110 - HikariPool-1 - Starting...
2018-06-03 17:29:50,376  INFO HikariDataSource:123 - HikariPool-1 - Start completed.
2018-06-03 17:29:52,614  INFO UserServiceImpl:24 - 调用usermapper产生结果user = {"age":18,"id":1,"name":"王豹"}
2018-06-03 17:29:52,614  INFO UserController:37 - 调用userservice的getUserById方法结果是user = {"age":18,"id":1,"name":"王豹"}
2018-06-03 17:29:52,699  INFO HttpAspect:70 - response={"code":200,"message":"成功","data":{"id":1,"name":"王豹","age":18}}
2018-06-03 17:31:31,276  INFO HttpAspect:55 - request = [URI=/user/getUser/1][method=GET][ip=0:0:0:0:0:0:0:1][params=]
2018-06-03 17:31:31,277  INFO UserController:35 - getUserById方法接受前端参数ID = 1
2018-06-03 17:31:31,277  INFO UserServiceImpl:22 - 通过ID查询user参数id = 1
2018-06-03 17:31:31,283  INFO UserServiceImpl:24 - 调用usermapper产生结果user = {"age":18,"id":1,"name":"王豹"}
2018-06-03 17:31:31,284  INFO UserController:37 - 调用userservice的getUserById方法结果是user = {"age":18,"id":1,"name":"王豹"}
2018-06-03 17:31:31,285  INFO HttpAspect:70 - response={"code":200,"message":"成功","data":{"id":1,"name":"王豹","age":18}}
