2018-06-03 17:28:49,550  INFO SpringdemoApplication:50 ---- Starting SpringdemoApplication on COKPGT8ZUTODL5N with PID 4744 (D:\IntellJIDEA-Projects\springboot\target\classes started by Administrator in D:\IntellJIDEA-Projects\springboot)
2018-06-03 17:28:49,554 DEBUG SpringdemoApplication:53 ---- Running with Spring Boot v2.0.1.RELEASE, Spring v5.0.5.RELEASE
2018-06-03 17:28:49,555  INFO SpringdemoApplication:663 ---- The following profiles are active: dev
2018-06-03 17:29:01,323  INFO SpringdemoApplication:59 ---- Started SpringdemoApplication in 13.521 seconds (JVM running for 18.25)
2018-06-03 17:29:47,604  INFO HttpAspect:55 ---- request = [URI=/user/getUser/1][method=GET][ip=0:0:0:0:0:0:0:1][params=]
2018-06-03 17:29:47,607  INFO UserController:35 ---- getUserById方法接受前端参数ID = 1
2018-06-03 17:29:47,608  INFO UserServiceImpl:22 ---- 通过ID查询user参数id = 1
2018-06-03 17:29:50,399 DEBUG getUserById:159 ---- ==>  Preparing: select * from tb_user where id = ? 
2018-06-03 17:29:50,423 DEBUG getUserById:159 ---- ==> Parameters: 1(Integer)
2018-06-03 17:29:52,376 DEBUG getUserById:159 ---- <==      Total: 1
2018-06-03 17:29:52,614  INFO UserServiceImpl:24 ---- 调用usermapper产生结果user = {"age":18,"id":1,"name":"王豹"}
2018-06-03 17:29:52,614  INFO UserController:37 ---- 调用userservice的getUserById方法结果是user = {"age":18,"id":1,"name":"王豹"}
2018-06-03 17:29:52,699  INFO HttpAspect:70 ---- response={"code":200,"message":"成功","data":{"id":1,"name":"王豹","age":18}}
2018-06-03 17:31:31,276  INFO HttpAspect:55 ---- request = [URI=/user/getUser/1][method=GET][ip=0:0:0:0:0:0:0:1][params=]
2018-06-03 17:31:31,277  INFO UserController:35 ---- getUserById方法接受前端参数ID = 1
2018-06-03 17:31:31,277  INFO UserServiceImpl:22 ---- 通过ID查询user参数id = 1
2018-06-03 17:31:31,279 DEBUG getUserById:159 ---- ==>  Preparing: select * from tb_user where id = ? 
2018-06-03 17:31:31,280 DEBUG getUserById:159 ---- ==> Parameters: 1(Integer)
2018-06-03 17:31:31,282 DEBUG getUserById:159 ---- <==      Total: 1
2018-06-03 17:31:31,283  INFO UserServiceImpl:24 ---- 调用usermapper产生结果user = {"age":18,"id":1,"name":"王豹"}
2018-06-03 17:31:31,284  INFO UserController:37 ---- 调用userservice的getUserById方法结果是user = {"age":18,"id":1,"name":"王豹"}
2018-06-03 17:31:31,285  INFO HttpAspect:70 ---- response={"code":200,"message":"成功","data":{"id":1,"name":"王豹","age":18}}
